# JRE version: OpenJDK Runtime Environment (11.0.8+10) (build 11.0.8+10-b944.6842174)
# Java VM: OpenJDK 64-Bit Server VM (11.0.8+10-b944.6842174, mixed mode, tiered, compressed oops, g1 gc, windows-amd64)
Heap:
 garbage-first heap   total 155648K, used 62541K [0x00000000a0000000, 0x0000000100000000)
  region size 1024K, 50 young (51200K), 3 survivors (3072K)
 Metaspace       used 25796K, capacity 26376K, committed 26624K, reserved 1073152K
  class space    used 3359K, capacity 3549K, committed 3584K, reserved 1048576K
GC Heap History (10 events):
Event: 0.597 GC heap before
{Heap before GC invocations=0 (full 0):
 garbage-first heap   total 129024K, used 19456K [0x00000000a0000000, 0x0000000100000000)
  region size 1024K, 14 young (14336K), 0 survivors (0K)
 Metaspace       used 7397K, capacity 7519K, committed 7680K, reserved 1056768K
  class space    used 676K, capacity 716K, committed 768K, reserved 1048576K
}
Event: 0.602 GC heap after
{Heap after GC invocations=1 (full 0):
 garbage-first heap   total 129024K, used 8158K [0x00000000a0000000, 0x0000000100000000)
  region size 1024K, 2 young (2048K), 2 survivors (2048K)
 Metaspace       used 7397K, capacity 7519K, committed 7680K, reserved 1056768K
  class space    used 676K, capacity 716K, committed 768K, reserved 1048576K
}
Event: 0.997 GC heap before
{Heap before GC invocations=1 (full 0):
 garbage-first heap   total 129024K, used 20446K [0x00000000a0000000, 0x0000000100000000)
  region size 1024K, 14 young (14336K), 2 survivors (2048K)
 Metaspace       used 10859K, capacity 11082K, committed 11264K, reserved 1058816K
  class space    used 1145K, capacity 1203K, committed 1280K, reserved 1048576K
}
Event: 1.002 GC heap after
{Heap after GC invocations=2 (full 0):
 garbage-first heap   total 129024K, used 9172K [0x00000000a0000000, 0x0000000100000000)
  region size 1024K, 1 young (1024K), 1 survivors (1024K)
 Metaspace       used 10859K, capacity 11082K, committed 11264K, reserved 1058816K
  class space    used 1145K, capacity 1203K, committed 1280K, reserved 1048576K
}
Event: 1.382 GC heap before
{Heap before GC invocations=2 (full 0):
 garbage-first heap   total 129024K, used 36820K [0x00000000a0000000, 0x0000000100000000)
  region size 1024K, 29 young (29696K), 1 survivors (1024K)
 Metaspace       used 11008K, capacity 11210K, committed 11520K, reserved 1058816K
  class space    used 1147K, capacity 1203K, committed 1280K, reserved 1048576K
}
Event: 1.387 GC heap after
{Heap after GC invocations=3 (full 0):
 garbage-first heap   total 129024K, used 13307K [0x00000000a0000000, 0x0000000100000000)
  region size 1024K, 4 young (4096K), 4 survivors (4096K)
 Metaspace       used 11008K, capacity 11210K, committed 11520K, reserved 1058816K
  class space    used 1147K, capacity 1203K, committed 1280K, reserved 1048576K
}
Event: 2.851 GC heap before
{Heap before GC invocations=3 (full 0):
 garbage-first heap   total 129024K, used 54267K [0x00000000a0000000, 0x0000000100000000)
  region size 1024K, 44 young (45056K), 4 survivors (4096K)
 Metaspace       used 18555K, capacity 18979K, committed 19072K, reserved 1067008K
  class space    used 2243K, capacity 2374K, committed 2432K, reserved 1048576K
}
Event: 2.861 GC heap after
{Heap after GC invocations=4 (full 0):
 garbage-first heap   total 129024K, used 16097K [0x00000000a0000000, 0x0000000100000000)
  region size 1024K, 3 young (3072K), 3 survivors (3072K)
 Metaspace       used 18555K, capacity 18979K, committed 19072K, reserved 1067008K
  class space    used 2243K, capacity 2374K, committed 2432K, reserved 1048576K
}
Event: 3.061 GC heap before
{Heap before GC invocations=4 (full 0):
 garbage-first heap   total 129024K, used 29409K [0x00000000a0000000, 0x0000000100000000)
  region size 1024K, 17 young (17408K), 3 survivors (3072K)
 Metaspace       used 20589K, capacity 21071K, committed 21248K, reserved 1067008K
  class space    used 2531K, capacity 2693K, committed 2816K, reserved 1048576K
}
Event: 3.067 GC heap after
{Heap after GC invocations=5 (full 0):
 garbage-first heap   total 155648K, used 16461K [0x00000000a0000000, 0x0000000100000000)
  region size 1024K, 3 young (3072K), 3 survivors (3072K)
 Metaspace       used 20589K, capacity 21071K, committed 21248K, reserved 1067008K
  class space    used 2531K, capacity 2693K, committed 2816K, reserved 1048576K
}

